Determining if the pthread_create exist failed with the following output:
Change Dir: /root/incubator-brpc/example/multi_threaded_echo_c++/build/CMakeFiles/CMakeTmp

Run Build Command:/usr/bin/gmake "cmTryCompileExec2372427193/fast"
/usr/bin/gmake -f CMakeFiles/cmTryCompileExec2372427193.dir/build.make CMakeFiles/cmTryCompileExec2372427193.dir/build
gmake[1]: Entering directory `/root/incubator-brpc/example/multi_threaded_echo_c++/build/CMakeFiles/CMakeTmp'
/usr/bin/cmake -E cmake_progress_report /root/incubator-brpc/example/multi_threaded_echo_c++/build/CMakeFiles/CMakeTmp/CMakeFiles 1
Building C object CMakeFiles/cmTryCompileExec2372427193.dir/CheckSymbolExists.c.o
/usr/bin/cc    -o CMakeFiles/cmTryCompileExec2372427193.dir/CheckSymbolExists.c.o   -c /root/incubator-brpc/example/multi_threaded_echo_c++/build/CMakeFiles/CMakeTmp/CheckSymbolExists.c
Linking C executable cmTryCompileExec2372427193
/usr/bin/cmake -E cmake_link_script CMakeFiles/cmTryCompileExec2372427193.dir/link.txt --verbose=1
/usr/bin/cc       CMakeFiles/cmTryCompileExec2372427193.dir/CheckSymbolExists.c.o  -o cmTryCompileExec2372427193 -rdynamic 
CMakeFiles/cmTryCompileExec2372427193.dir/CheckSymbolExists.c.o: In function `main':
CheckSymbolExists.c:(.text+0x16): undefined reference to `pthread_create'
collect2: error: ld returned 1 exit status
gmake[1]: *** [cmTryCompileExec2372427193] Error 1
gmake[1]: Leaving directory `/root/incubator-brpc/example/multi_threaded_echo_c++/build/CMakeFiles/CMakeTmp'
gmake: *** [cmTryCompileExec2372427193/fast] Error 2

File /root/incubator-brpc/example/multi_threaded_echo_c++/build/CMakeFiles/CMakeTmp/CheckSymbolExists.c:
/* */
#include <pthread.h>

int main(int argc, char** argv)
{
  (void)argv;
#ifndef pthread_create
  return ((int*)(&pthread_create))[argc];
#else
  (void)argc;
  return 0;
#endif
}

Determining if the function pthread_create exists in the pthreads failed with the following output:
Change Dir: /root/incubator-brpc/example/multi_threaded_echo_c++/build/CMakeFiles/CMakeTmp

Run Build Command:/usr/bin/gmake "cmTryCompileExec2172929780/fast"
/usr/bin/gmake -f CMakeFiles/cmTryCompileExec2172929780.dir/build.make CMakeFiles/cmTryCompileExec2172929780.dir/build
gmake[1]: Entering directory `/root/incubator-brpc/example/multi_threaded_echo_c++/build/CMakeFiles/CMakeTmp'
/usr/bin/cmake -E cmake_progress_report /root/incubator-brpc/example/multi_threaded_echo_c++/build/CMakeFiles/CMakeTmp/CMakeFiles 1
Building C object CMakeFiles/cmTryCompileExec2172929780.dir/CheckFunctionExists.c.o
/usr/bin/cc   -DCHECK_FUNCTION_EXISTS=pthread_create   -o CMakeFiles/cmTryCompileExec2172929780.dir/CheckFunctionExists.c.o   -c /usr/share/cmake/Modules/CheckFunctionExists.c
Linking C executable cmTryCompileExec2172929780
/usr/bin/cmake -E cmake_link_script CMakeFiles/cmTryCompileExec2172929780.dir/link.txt --verbose=1
/usr/bin/cc   -DCHECK_FUNCTION_EXISTS=pthread_create    CMakeFiles/cmTryCompileExec2172929780.dir/CheckFunctionExists.c.o  -o cmTryCompileExec2172929780 -rdynamic -lpthreads 
/usr/bin/ld: cannot find -lpthreads
collect2: error: ld returned 1 exit status
gmake[1]: *** [cmTryCompileExec2172929780] Error 1
gmake[1]: Leaving directory `/root/incubator-brpc/example/multi_threaded_echo_c++/build/CMakeFiles/CMakeTmp'
gmake: *** [cmTryCompileExec2172929780/fast] Error 2


